<?xml version="1.0" encoding="UTF-8"?>
<testng-results ignored="0" total="2" passed="2" failed="0" skipped="0">
  <reporter-output>
  </reporter-output>
  <suite started-at="2022-06-12T20:55:24 IST" name="Automation Test Suite" finished-at="2022-06-12T20:56:52 IST" duration-ms="88257">
    <groups>
    </groups>
    <test started-at="2022-06-12T20:55:24 IST" name="Test1" finished-at="2022-06-12T20:56:52 IST" duration-ms="88257">
      <class name="TestScripts.MobileSectionTest">
        <test-method is-config="true" signature="launchBrowser(java.lang.String)[pri:0, instance:TestScripts.MobileSectionTest@3972a855]" started-at="2022-06-12T20:56:40 IST" name="launchBrowser" finished-at="2022-06-12T20:56:46 IST" duration-ms="5945" status="PASS">
          <params>
            <param index="0">
              <value>
                <![CDATA[chrome]]>
              </value>
            </param>
          </params>
          <reporter-output>
          </reporter-output>
        </test-method> <!-- launchBrowser -->
        <test-method signature="doMobileSectionTest()[pri:0, instance:TestScripts.MobileSectionTest@3972a855]" started-at="2022-06-12T20:56:46 IST" name="doMobileSectionTest" finished-at="2022-06-12T20:56:52 IST" duration-ms="6403" status="PASS">
          <reporter-output>
          </reporter-output>
        </test-method> <!-- doMobileSectionTest -->
        <test-method is-config="true" signature="quitBrowser()[pri:0, instance:TestScripts.MobileSectionTest@3972a855]" started-at="2022-06-12T20:56:52 IST" name="quitBrowser" finished-at="2022-06-12T20:56:52 IST" duration-ms="336" status="PASS">
          <reporter-output>
          </reporter-output>
        </test-method> <!-- quitBrowser -->
      </class> <!-- TestScripts.MobileSectionTest -->
      <class name="TestScripts.LoginTest">
        <test-method is-config="true" signature="launchBrowser(java.lang.String)[pri:0, instance:TestScripts.LoginTest@4da4253]" started-at="2022-06-12T20:55:24 IST" name="launchBrowser" finished-at="2022-06-12T20:56:35 IST" duration-ms="70771" status="PASS">
          <params>
            <param index="0">
              <value>
                <![CDATA[chrome]]>
              </value>
            </param>
          </params>
          <reporter-output>
          </reporter-output>
        </test-method> <!-- launchBrowser -->
        <test-method signature="loginTest()[pri:0, instance:TestScripts.LoginTest@4da4253]" started-at="2022-06-12T20:56:35 IST" name="loginTest" finished-at="2022-06-12T20:56:39 IST" duration-ms="4358" status="PASS">
          <reporter-output>
          </reporter-output>
        </test-method> <!-- loginTest -->
        <test-method is-config="true" signature="quitBrowser()[pri:0, instance:TestScripts.LoginTest@4da4253]" started-at="2022-06-12T20:56:39 IST" name="quitBrowser" finished-at="2022-06-12T20:56:40 IST" duration-ms="385" status="PASS">
          <reporter-output>
          </reporter-output>
        </test-method> <!-- quitBrowser -->
      </class> <!-- TestScripts.LoginTest -->
    </test> <!-- Test1 -->
  </suite> <!-- Automation Test Suite -->
</testng-results>
